{"/home/travis/build/kaizhu256/node-swgg-google-all/test.js":{"path":"/home/travis/build/kaizhu256/node-swgg-google-all/test.js","s":{"1":1,"2":1,"3":1,"4":1,"5":1,"6":1,"7":1,"8":1,"9":1,"10":1,"11":1,"12":1,"13":1},"b":{"1":[1,0,0,0],"2":[1,1,1,1],"3":[0,1],"4":[1,1]},"f":{"1":1,"2":1,"3":1,"4":1},"fnMap":{"1":{"name":"(anonymous_1)","line":13,"loc":{"start":{"line":13,"column":1},"end":{"line":13,"column":13}}},"2":{"name":"(anonymous_2)","line":20,"loc":{"start":{"line":20,"column":5},"end":{"line":20,"column":17}}},"3":{"name":"(anonymous_3)","line":24,"loc":{"start":{"line":24,"column":24},"end":{"line":24,"column":36}}},"4":{"name":"(anonymous_4)","line":51,"loc":{"start":{"line":51,"column":5},"end":{"line":51,"column":17}}}},"statementMap":{"1":{"start":{"line":13,"column":0},"end":{"line":54,"column":5}},"2":{"start":{"line":15,"column":4},"end":{"line":15,"column":14}},"3":{"start":{"line":20,"column":4},"end":{"line":46,"column":9}},"4":{"start":{"line":22,"column":8},"end":{"line":22,"column":19}},"5":{"start":{"line":24,"column":8},"end":{"line":36,"column":13}},"6":{"start":{"line":25,"column":12},"end":{"line":35,"column":13}},"7":{"start":{"line":26,"column":16},"end":{"line":29,"column":30}},"8":{"start":{"line":31,"column":16},"end":{"line":34,"column":27}},"9":{"start":{"line":38,"column":8},"end":{"line":40,"column":21}},"10":{"start":{"line":42,"column":8},"end":{"line":43,"column":68}},"11":{"start":{"line":45,"column":8},"end":{"line":45,"column":33}},"12":{"start":{"line":51,"column":4},"end":{"line":53,"column":9}},"13":{"start":{"line":52,"column":8},"end":{"line":52,"column":15}}},"branchMap":{"1":{"line":26,"type":"binary-expr","locations":[{"start":{"line":26,"column":23},"end":{"line":26,"column":62}},{"start":{"line":27,"column":20},"end":{"line":27,"column":70}},{"start":{"line":28,"column":20},"end":{"line":28,"column":71}},{"start":{"line":29,"column":20},"end":{"line":29,"column":29}}]},"2":{"line":31,"type":"binary-expr","locations":[{"start":{"line":31,"column":23},"end":{"line":31,"column":37}},{"start":{"line":32,"column":20},"end":{"line":32,"column":61}},{"start":{"line":33,"column":20},"end":{"line":33,"column":70}},{"start":{"line":34,"column":20},"end":{"line":34,"column":26}}]},"3":{"line":38,"type":"cond-expr","locations":[{"start":{"line":39,"column":14},"end":{"line":39,"column":20}},{"start":{"line":40,"column":14},"end":{"line":40,"column":20}}]},"4":{"line":42,"type":"binary-expr","locations":[{"start":{"line":42,"column":38},"end":{"line":42,"column":59}},{"start":{"line":43,"column":12},"end":{"line":43,"column":50}}]}},"code":["/* istanbul instrument in package swgg_google_all */","/* jslint-utility2 */","/*jslint","    bitwise: true,","    browser: true,","    maxerr: 4,","    maxlen: 100,","    node: true,","    nomen: true,","    regexp: true,","    stupid: true","*/","(function () {","    'use strict';","    var local;","","","","    // run shared js-env code - init-before","    (function () {","        // init local","        local = {};","        // init modeJs","        local.modeJs = (function () {","            try {","                return typeof navigator.userAgent === 'string' &&","                    typeof document.querySelector('body') === 'object' &&","                    typeof XMLHttpRequest.prototype.open === 'function' &&","                    'browser';","            } catch (errorCaughtBrowser) {","                return module.exports &&","                    typeof process.versions.node === 'string' &&","                    typeof require('http').createServer === 'function' &&","                    'node';","            }","        }());","        // init global","        local.global = local.modeJs === 'browser'","            ? window","            : global;","        // re-init local","        local = local.global.local = (local.global.utility2 ||","            require('./assets.utility2.rollup.js')).requireReadme();","        // init test","        local.testRunInit(local);","    }());","","","","    // run shared js-env code - function","    (function () {","        return;","    }());","}());",""],"l":{"13":1,"15":1,"20":1,"22":1,"24":1,"25":1,"26":1,"31":1,"38":1,"42":1,"45":1,"51":1,"52":1}},"/home/travis/build/kaizhu256/node-swgg-google-all/lib.swgg_google_all.js":{"path":"/home/travis/build/kaizhu256/node-swgg-google-all/lib.swgg_google_all.js","s":{"1":1,"2":1,"3":1,"4":1,"5":1,"6":1,"7":1,"8":1,"9":1,"10":0,"11":0,"12":0,"13":0,"14":0,"15":0,"16":0,"17":1,"18":1,"19":1,"20":1,"21":1,"22":1,"23":1,"24":1,"25":1,"26":1,"27":3036,"28":1,"29":0,"30":1,"31":1,"32":1,"33":1,"34":1,"35":1,"36":1,"37":1,"38":1,"39":1,"40":1,"41":1,"42":1,"43":1,"44":1,"45":1,"46":1,"47":1,"48":1,"49":1,"50":1,"51":1,"52":1,"53":1,"54":1,"55":1,"56":1,"57":1,"58":1,"59":1,"60":1,"61":1,"62":1,"63":1,"64":1},"b":{"1":[1,0,1],"2":[1,0],"3":[1,0,0,0],"4":[1,1,1,1],"5":[0,1],"6":[1,1],"7":[1,0],"8":[1,1,0],"9":[0,1]},"f":{"1":1,"2":1,"3":1,"4":0,"5":1,"6":3036},"fnMap":{"1":{"name":"(anonymous_1)","line":13,"loc":{"start":{"line":13,"column":1},"end":{"line":13,"column":13}}},"2":{"name":"(anonymous_2)","line":21,"loc":{"start":{"line":21,"column":5},"end":{"line":21,"column":17}},"skip":true},"3":{"name":"(anonymous_3)","line":23,"loc":{"start":{"line":23,"column":9},"end":{"line":23,"column":21}},"skip":true},"4":{"name":"(anonymous_4)","line":31,"loc":{"start":{"line":31,"column":27},"end":{"line":31,"column":43}},"skip":true},"5":{"name":"(anonymous_5)","line":47,"loc":{"start":{"line":47,"column":24},"end":{"line":47,"column":36}},"skip":true},"6":{"name":"(anonymous_6)","line":72,"loc":{"start":{"line":72,"column":20},"end":{"line":72,"column":32}},"skip":true}},"statementMap":{"1":{"start":{"line":13,"column":0},"end":{"line":122,"column":5}},"2":{"start":{"line":15,"column":4},"end":{"line":15,"column":14}},"3":{"start":{"line":21,"column":4},"end":{"line":121,"column":9},"skip":true},"4":{"start":{"line":23,"column":8},"end":{"line":43,"column":13},"skip":true},"5":{"start":{"line":24,"column":12},"end":{"line":24,"column":43},"skip":true},"6":{"start":{"line":25,"column":12},"end":{"line":25,"column":71},"skip":true},"7":{"start":{"line":26,"column":12},"end":{"line":26,"column":52},"skip":true},"8":{"start":{"line":27,"column":12},"end":{"line":29,"column":13},"skip":true},"9":{"start":{"line":28,"column":16},"end":{"line":28,"column":23},"skip":true},"10":{"start":{"line":30,"column":12},"end":{"line":30,"column":41},"skip":true},"11":{"start":{"line":31,"column":12},"end":{"line":42,"column":14},"skip":true},"12":{"start":{"line":36,"column":16},"end":{"line":36,"column":61},"skip":true},"13":{"start":{"line":37,"column":16},"end":{"line":37,"column":43},"skip":true},"14":{"start":{"line":38,"column":16},"end":{"line":38,"column":55},"skip":true},"15":{"start":{"line":39,"column":16},"end":{"line":39,"column":35},"skip":true},"16":{"start":{"line":41,"column":16},"end":{"line":41,"column":28},"skip":true},"17":{"start":{"line":45,"column":8},"end":{"line":45,"column":19},"skip":true},"18":{"start":{"line":47,"column":8},"end":{"line":59,"column":13},"skip":true},"19":{"start":{"line":48,"column":12},"end":{"line":58,"column":13},"skip":true},"20":{"start":{"line":49,"column":16},"end":{"line":52,"column":30},"skip":true},"21":{"start":{"line":54,"column":16},"end":{"line":57,"column":27},"skip":true},"22":{"start":{"line":61,"column":8},"end":{"line":63,"column":21},"skip":true},"23":{"start":{"line":65,"column":8},"end":{"line":65,"column":54},"skip":true},"24":{"start":{"line":66,"column":8},"end":{"line":70,"column":9},"skip":true},"25":{"start":{"line":67,"column":12},"end":{"line":69,"column":55},"skip":true},"26":{"start":{"line":72,"column":8},"end":{"line":77,"column":10},"skip":true},"27":{"start":{"line":76,"column":12},"end":{"line":76,"column":19},"skip":true},"28":{"start":{"line":79,"column":8},"end":{"line":118,"column":9},"skip":true},"29":{"start":{"line":80,"column":12},"end":{"line":80,"column":58},"skip":true},"30":{"start":{"line":84,"column":12},"end":{"line":84,"column":45},"skip":true},"31":{"start":{"line":85,"column":12},"end":{"line":85,"column":59},"skip":true},"32":{"start":{"line":86,"column":12},"end":{"line":86,"column":47},"skip":true},"33":{"start":{"line":87,"column":12},"end":{"line":87,"column":47},"skip":true},"34":{"start":{"line":88,"column":12},"end":{"line":88,"column":51},"skip":true},"35":{"start":{"line":89,"column":12},"end":{"line":89,"column":45},"skip":true},"36":{"start":{"line":90,"column":12},"end":{"line":90,"column":43},"skip":true},"37":{"start":{"line":91,"column":12},"end":{"line":91,"column":39},"skip":true},"38":{"start":{"line":92,"column":12},"end":{"line":92,"column":45},"skip":true},"39":{"start":{"line":93,"column":12},"end":{"line":93,"column":45},"skip":true},"40":{"start":{"line":94,"column":12},"end":{"line":94,"column":37},"skip":true},"41":{"start":{"line":95,"column":12},"end":{"line":95,"column":41},"skip":true},"42":{"start":{"line":96,"column":12},"end":{"line":96,"column":43},"skip":true},"43":{"start":{"line":97,"column":12},"end":{"line":97,"column":45},"skip":true},"44":{"start":{"line":98,"column":12},"end":{"line":98,"column":39},"skip":true},"45":{"start":{"line":99,"column":12},"end":{"line":99,"column":37},"skip":true},"46":{"start":{"line":100,"column":12},"end":{"line":100,"column":41},"skip":true},"47":{"start":{"line":101,"column":12},"end":{"line":101,"column":47},"skip":true},"48":{"start":{"line":102,"column":12},"end":{"line":102,"column":49},"skip":true},"49":{"start":{"line":103,"column":12},"end":{"line":103,"column":55},"skip":true},"50":{"start":{"line":104,"column":12},"end":{"line":104,"column":49},"skip":true},"51":{"start":{"line":105,"column":12},"end":{"line":105,"column":41},"skip":true},"52":{"start":{"line":106,"column":12},"end":{"line":106,"column":45},"skip":true},"53":{"start":{"line":107,"column":12},"end":{"line":107,"column":61},"skip":true},"54":{"start":{"line":108,"column":12},"end":{"line":108,"column":45},"skip":true},"55":{"start":{"line":109,"column":12},"end":{"line":109,"column":39},"skip":true},"56":{"start":{"line":110,"column":12},"end":{"line":110,"column":39},"skip":true},"57":{"start":{"line":111,"column":12},"end":{"line":111,"column":39},"skip":true},"58":{"start":{"line":112,"column":12},"end":{"line":112,"column":41},"skip":true},"59":{"start":{"line":113,"column":12},"end":{"line":113,"column":37},"skip":true},"60":{"start":{"line":114,"column":12},"end":{"line":114,"column":37},"skip":true},"61":{"start":{"line":115,"column":12},"end":{"line":115,"column":41},"skip":true},"62":{"start":{"line":116,"column":12},"end":{"line":116,"column":35},"skip":true},"63":{"start":{"line":117,"column":12},"end":{"line":117,"column":49},"skip":true},"64":{"start":{"line":120,"column":8},"end":{"line":120,"column":52},"skip":true}},"branchMap":{"1":{"line":25,"type":"binary-expr","locations":[{"start":{"line":25,"column":23},"end":{"line":25,"column":49},"skip":true},{"start":{"line":25,"column":53},"end":{"line":25,"column":59},"skip":true},{"start":{"line":25,"column":64},"end":{"line":25,"column":70},"skip":true}]},"2":{"line":27,"type":"if","locations":[{"start":{"line":27,"column":12},"end":{"line":27,"column":12},"skip":true},{"start":{"line":27,"column":12},"end":{"line":27,"column":12},"skip":true}]},"3":{"line":49,"type":"binary-expr","locations":[{"start":{"line":49,"column":23},"end":{"line":49,"column":62},"skip":true},{"start":{"line":50,"column":20},"end":{"line":50,"column":70},"skip":true},{"start":{"line":51,"column":20},"end":{"line":51,"column":71},"skip":true},{"start":{"line":52,"column":20},"end":{"line":52,"column":29},"skip":true}]},"4":{"line":54,"type":"binary-expr","locations":[{"start":{"line":54,"column":23},"end":{"line":54,"column":37},"skip":true},{"start":{"line":55,"column":20},"end":{"line":55,"column":61},"skip":true},{"start":{"line":56,"column":20},"end":{"line":56,"column":70},"skip":true},{"start":{"line":57,"column":20},"end":{"line":57,"column":26},"skip":true}]},"5":{"line":61,"type":"cond-expr","locations":[{"start":{"line":62,"column":14},"end":{"line":62,"column":20},"skip":true},{"start":{"line":63,"column":14},"end":{"line":63,"column":20},"skip":true}]},"6":{"line":65,"type":"binary-expr","locations":[{"start":{"line":65,"column":16},"end":{"line":65,"column":44},"skip":true},{"start":{"line":65,"column":48},"end":{"line":65,"column":53},"skip":true}]},"7":{"line":66,"type":"if","locations":[{"start":{"line":66,"column":8},"end":{"line":66,"column":8},"skip":true},{"start":{"line":66,"column":8},"end":{"line":66,"column":8},"skip":true}]},"8":{"line":67,"type":"binary-expr","locations":[{"start":{"line":67,"column":20},"end":{"line":67,"column":48},"skip":true},{"start":{"line":68,"column":16},"end":{"line":68,"column":48},"skip":true},{"start":{"line":69,"column":16},"end":{"line":69,"column":54},"skip":true}]},"9":{"line":79,"type":"if","locations":[{"start":{"line":79,"column":8},"end":{"line":79,"column":8},"skip":true},{"start":{"line":79,"column":8},"end":{"line":79,"column":8},"skip":true}]}},"code":["/* istanbul instrument in package swgg_google_all */","/* jslint-utility2 */","/*jslint","    bitwise: true,","    browser: true,","    maxerr: 4,","    maxlen: 100,","    node: true,","    nomen: true,","    regexp: true,","    stupid: true","*/","(function () {","    'use strict';","    var local;","","","","    // run shared js-env code - init-before","    /* istanbul ignore next */","    (function () {","        // init debug_inline","        (function () {","            var consoleError, context, key;","            context = (typeof window === \"object\" && window) || global;","            key = \"debug_inline\".replace(\"_i\", \"I\");","            if (context[key]) {","                return;","            }","            consoleError = console.error;","            context[key] = function (arg0) {","            /*","             * this function will both print arg0 to stderr and return it","             */","                // debug arguments","                context[\"_\" + key + \"Arguments\"] = arguments;","                consoleError(\"\\n\\n\" + key);","                consoleError.apply(console, arguments);","                consoleError(\"\\n\");","                // return arg0 for inspection","                return arg0;","            };","        }());","        // init local","        local = {};","        // init modeJs","        local.modeJs = (function () {","            try {","                return typeof navigator.userAgent === 'string' &&","                    typeof document.querySelector('body') === 'object' &&","                    typeof XMLHttpRequest.prototype.open === 'function' &&","                    'browser';","            } catch (errorCaughtBrowser) {","                return module.exports &&","                    typeof process.versions.node === 'string' &&","                    typeof require('http').createServer === 'function' &&","                    'node';","            }","        }());","        // init global","        local.global = local.modeJs === 'browser'","            ? window","            : global;","        // init utility2_rollup","        local = local.global.utility2_rollup || local;","        if (local) {","            local = local.global.utility2_rollup ||","                local.global.utility2_rollup_old ||","                require('./assets.utility2.rollup.js');","        }","        // init nop","        local.nop = function () {","        /*","         * this function will do nothing","         */","            return;","        };","        // init exports","        if (local.modeJs === 'browser') {","            local.global.utility2_swgg_google_all = local;","        } else {","            // require builtins","            // local.assert = require('assert');","            local.buffer = require('buffer');","            local.child_process = require('child_process');","            local.cluster = require('cluster');","            local.console = require('console');","            local.constants = require('constants');","            local.crypto = require('crypto');","            local.dgram = require('dgram');","            local.dns = require('dns');","            local.domain = require('domain');","            local.events = require('events');","            local.fs = require('fs');","            local.http = require('http');","            local.https = require('https');","            local.module = require('module');","            local.net = require('net');","            local.os = require('os');","            local.path = require('path');","            local.process = require('process');","            local.punycode = require('punycode');","            local.querystring = require('querystring');","            local.readline = require('readline');","            local.repl = require('repl');","            local.stream = require('stream');","            local.string_decoder = require('string_decoder');","            local.timers = require('timers');","            local.tls = require('tls');","            local.tty = require('tty');","            local.url = require('url');","            local.util = require('util');","            local.v8 = require('v8');","            local.vm = require('vm');","            local.zlib = require('zlib');","            module.exports = local;","            module.exports.__dirname = __dirname;","        }","        // init lib","        local.local = local.swgg_google_all = local;","    }());","}());",""],"l":{"13":1,"15":1,"21":1,"23":1,"24":1,"25":1,"26":1,"27":1,"28":1,"30":1,"31":1,"36":1,"37":1,"38":1,"39":1,"41":1,"45":1,"47":1,"48":1,"49":1,"54":1,"61":1,"65":1,"66":1,"67":1,"72":1,"76":3036,"79":1,"80":1,"84":1,"85":1,"86":1,"87":1,"88":1,"89":1,"90":1,"91":1,"92":1,"93":1,"94":1,"95":1,"96":1,"97":1,"98":1,"99":1,"100":1,"101":1,"102":1,"103":1,"104":1,"105":1,"106":1,"107":1,"108":1,"109":1,"110":1,"111":1,"112":1,"113":1,"114":1,"115":1,"116":1,"117":1,"120":1}},"/home/travis/build/kaizhu256/node-swgg-google-all/example.js":{"path":"/home/travis/build/kaizhu256/node-swgg-google-all/example.js","s":{"1":1,"2":1,"3":1,"4":1,"5":1,"6":1,"7":1,"8":1,"9":1,"10":1,"11":1,"12":1,"13":1,"14":0,"15":1,"16":1,"17":1,"18":1,"19":1,"20":1,"21":1,"22":1,"23":1,"24":1,"25":1,"26":1,"27":1,"28":1,"29":1,"30":1,"31":1,"32":1,"33":1,"34":1,"35":1,"36":1,"37":1,"38":1,"39":1,"40":1,"41":1,"42":1,"43":1,"44":1,"45":1,"46":1,"47":1,"48":1,"49":1,"50":4,"51":4,"52":4,"53":1,"54":1,"55":1,"56":0,"57":0,"58":0,"59":0,"60":0,"61":0,"62":1,"63":1,"64":0,"65":0,"66":0,"67":0,"68":0,"69":0,"70":0,"71":0,"72":0,"73":0,"74":0,"75":0,"76":0,"77":0,"78":0,"79":0},"b":{"1":[1,0,0,0],"2":[1,1,1,1],"3":[0,1],"4":[1,1],"5":[0,1],"6":[0,1],"7":[1,0],"8":[4,1],"9":[1,3],"10":[1,1],"11":[0,0,0,0,0],"12":[1,0],"13":[1,0],"14":[0,0],"15":[0,0],"16":[0,0],"17":[0,0],"18":[0,0],"19":[0,0]},"f":{"1":1,"2":1,"3":1,"4":4,"5":0,"6":0},"fnMap":{"1":{"name":"(anonymous_1)","line":131,"loc":{"start":{"line":131,"column":1},"end":{"line":131,"column":13}}},"2":{"name":"(anonymous_2)","line":138,"loc":{"start":{"line":138,"column":5},"end":{"line":138,"column":17}}},"3":{"name":"(anonymous_3)","line":142,"loc":{"start":{"line":142,"column":24},"end":{"line":142,"column":36}}},"4":{"name":"(anonymous_4)","line":226,"loc":{"start":{"line":226,"column":18},"end":{"line":226,"column":34}},"skip":true},"5":{"name":"(anonymous_5)","line":247,"loc":{"start":{"line":247,"column":47},"end":{"line":247,"column":73}},"skip":true},"6":{"name":"(anonymous_6)","line":280,"loc":{"start":{"line":280,"column":32},"end":{"line":280,"column":61}},"skip":true}},"statementMap":{"1":{"start":{"line":131,"column":0},"end":{"line":291,"column":5}},"2":{"start":{"line":133,"column":4},"end":{"line":133,"column":14}},"3":{"start":{"line":138,"column":4},"end":{"line":167,"column":9}},"4":{"start":{"line":140,"column":8},"end":{"line":140,"column":19}},"5":{"start":{"line":142,"column":8},"end":{"line":154,"column":13}},"6":{"start":{"line":143,"column":12},"end":{"line":153,"column":13}},"7":{"start":{"line":144,"column":16},"end":{"line":147,"column":30}},"8":{"start":{"line":149,"column":16},"end":{"line":152,"column":27}},"9":{"start":{"line":156,"column":8},"end":{"line":158,"column":21}},"10":{"start":{"line":160,"column":8},"end":{"line":162,"column":45}},"11":{"start":{"line":164,"column":8},"end":{"line":164,"column":35}},"12":{"start":{"line":166,"column":8},"end":{"line":166,"column":96}},"13":{"start":{"line":168,"column":4},"end":{"line":290,"column":5}},"14":{"start":{"line":175,"column":8},"end":{"line":175,"column":14},"skip":true},"15":{"start":{"line":183,"column":8},"end":{"line":183,"column":31},"skip":true},"16":{"start":{"line":186,"column":8},"end":{"line":186,"column":41},"skip":true},"17":{"start":{"line":187,"column":8},"end":{"line":187,"column":55},"skip":true},"18":{"start":{"line":188,"column":8},"end":{"line":188,"column":43},"skip":true},"19":{"start":{"line":189,"column":8},"end":{"line":189,"column":43},"skip":true},"20":{"start":{"line":190,"column":8},"end":{"line":190,"column":47},"skip":true},"21":{"start":{"line":191,"column":8},"end":{"line":191,"column":41},"skip":true},"22":{"start":{"line":192,"column":8},"end":{"line":192,"column":39},"skip":true},"23":{"start":{"line":193,"column":8},"end":{"line":193,"column":35},"skip":true},"24":{"start":{"line":194,"column":8},"end":{"line":194,"column":41},"skip":true},"25":{"start":{"line":195,"column":8},"end":{"line":195,"column":41},"skip":true},"26":{"start":{"line":196,"column":8},"end":{"line":196,"column":33},"skip":true},"27":{"start":{"line":197,"column":8},"end":{"line":197,"column":37},"skip":true},"28":{"start":{"line":198,"column":8},"end":{"line":198,"column":39},"skip":true},"29":{"start":{"line":199,"column":8},"end":{"line":199,"column":41},"skip":true},"30":{"start":{"line":200,"column":8},"end":{"line":200,"column":35},"skip":true},"31":{"start":{"line":201,"column":8},"end":{"line":201,"column":33},"skip":true},"32":{"start":{"line":202,"column":8},"end":{"line":202,"column":37},"skip":true},"33":{"start":{"line":203,"column":8},"end":{"line":203,"column":43},"skip":true},"34":{"start":{"line":204,"column":8},"end":{"line":204,"column":45},"skip":true},"35":{"start":{"line":205,"column":8},"end":{"line":205,"column":51},"skip":true},"36":{"start":{"line":206,"column":8},"end":{"line":206,"column":45},"skip":true},"37":{"start":{"line":207,"column":8},"end":{"line":207,"column":37},"skip":true},"38":{"start":{"line":208,"column":8},"end":{"line":208,"column":41},"skip":true},"39":{"start":{"line":209,"column":8},"end":{"line":209,"column":57},"skip":true},"40":{"start":{"line":210,"column":8},"end":{"line":210,"column":41},"skip":true},"41":{"start":{"line":211,"column":8},"end":{"line":211,"column":35},"skip":true},"42":{"start":{"line":212,"column":8},"end":{"line":212,"column":35},"skip":true},"43":{"start":{"line":213,"column":8},"end":{"line":213,"column":35},"skip":true},"44":{"start":{"line":214,"column":8},"end":{"line":214,"column":37},"skip":true},"45":{"start":{"line":215,"column":8},"end":{"line":215,"column":33},"skip":true},"46":{"start":{"line":216,"column":8},"end":{"line":216,"column":33},"skip":true},"47":{"start":{"line":217,"column":8},"end":{"line":217,"column":37},"skip":true},"48":{"start":{"line":220,"column":8},"end":{"line":220,"column":50},"skip":true},"49":{"start":{"line":221,"column":8},"end":{"line":235,"column":11},"skip":true},"50":{"start":{"line":227,"column":12},"end":{"line":227,"column":30},"skip":true},"51":{"start":{"line":228,"column":12},"end":{"line":228,"column":66},"skip":true},"52":{"start":{"line":229,"column":12},"end":{"line":234,"column":13},"skip":true},"53":{"start":{"line":230,"column":16},"end":{"line":233,"column":18},"skip":true},"54":{"start":{"line":239,"column":8},"end":{"line":241,"column":36},"skip":true},"55":{"start":{"line":244,"column":8},"end":{"line":260,"column":15},"skip":true},"56":{"start":{"line":248,"column":16},"end":{"line":259,"column":17},"skip":true},"57":{"start":{"line":250,"column":20},"end":{"line":250,"column":60},"skip":true},"58":{"start":{"line":252,"column":20},"end":{"line":252,"column":45},"skip":true},"59":{"start":{"line":254,"column":20},"end":{"line":254,"column":45},"skip":true},"60":{"start":{"line":256,"column":20},"end":{"line":256,"column":35},"skip":true},"61":{"start":{"line":258,"column":20},"end":{"line":258,"column":34},"skip":true},"62":{"start":{"line":262,"column":8},"end":{"line":264,"column":9},"skip":true},"63":{"start":{"line":263,"column":12},"end":{"line":263,"column":18},"skip":true},"64":{"start":{"line":265,"column":8},"end":{"line":267,"column":54},"skip":true},"65":{"start":{"line":268,"column":8},"end":{"line":268,"column":82},"skip":true},"66":{"start":{"line":271,"column":8},"end":{"line":273,"column":9},"skip":true},"67":{"start":{"line":272,"column":12},"end":{"line":272,"column":82},"skip":true},"68":{"start":{"line":275,"column":8},"end":{"line":277,"column":9},"skip":true},"69":{"start":{"line":276,"column":12},"end":{"line":276,"column":18},"skip":true},"70":{"start":{"line":278,"column":8},"end":{"line":278,"column":54},"skip":true},"71":{"start":{"line":279,"column":8},"end":{"line":279,"column":69},"skip":true},"72":{"start":{"line":280,"column":8},"end":{"line":288,"column":36},"skip":true},"73":{"start":{"line":281,"column":12},"end":{"line":281,"column":61},"skip":true},"74":{"start":{"line":282,"column":12},"end":{"line":285,"column":13},"skip":true},"75":{"start":{"line":283,"column":16},"end":{"line":283,"column":75},"skip":true},"76":{"start":{"line":284,"column":16},"end":{"line":284,"column":23},"skip":true},"77":{"start":{"line":286,"column":12},"end":{"line":286,"column":38},"skip":true},"78":{"start":{"line":287,"column":12},"end":{"line":287,"column":27},"skip":true},"79":{"start":{"line":289,"column":8},"end":{"line":289,"column":14},"skip":true}},"branchMap":{"1":{"line":144,"type":"binary-expr","locations":[{"start":{"line":144,"column":23},"end":{"line":144,"column":62}},{"start":{"line":145,"column":20},"end":{"line":145,"column":70}},{"start":{"line":146,"column":20},"end":{"line":146,"column":71}},{"start":{"line":147,"column":20},"end":{"line":147,"column":29}}]},"2":{"line":149,"type":"binary-expr","locations":[{"start":{"line":149,"column":23},"end":{"line":149,"column":37}},{"start":{"line":150,"column":20},"end":{"line":150,"column":61}},{"start":{"line":151,"column":20},"end":{"line":151,"column":70}},{"start":{"line":152,"column":20},"end":{"line":152,"column":26}}]},"3":{"line":156,"type":"cond-expr","locations":[{"start":{"line":157,"column":14},"end":{"line":157,"column":20}},{"start":{"line":158,"column":14},"end":{"line":158,"column":20}}]},"4":{"line":160,"type":"binary-expr","locations":[{"start":{"line":160,"column":16},"end":{"line":160,"column":44}},{"start":{"line":160,"column":49},"end":{"line":162,"column":43}}]},"5":{"line":160,"type":"cond-expr","locations":[{"start":{"line":161,"column":14},"end":{"line":161,"column":51}},{"start":{"line":162,"column":14},"end":{"line":162,"column":43}}]},"6":{"line":168,"type":"switch","locations":[{"start":{"line":174,"column":4},"end":{"line":175,"column":14},"skip":true},{"start":{"line":181,"column":4},"end":{"line":289,"column":14},"skip":true}]},"7":{"line":220,"type":"binary-expr","locations":[{"start":{"line":220,"column":27},"end":{"line":220,"column":43},"skip":true},{"start":{"line":220,"column":47},"end":{"line":220,"column":49},"skip":true}]},"8":{"line":228,"type":"binary-expr","locations":[{"start":{"line":228,"column":37},"end":{"line":228,"column":59},"skip":true},{"start":{"line":228,"column":63},"end":{"line":228,"column":65},"skip":true}]},"9":{"line":229,"type":"if","locations":[{"start":{"line":229,"column":12},"end":{"line":229,"column":12},"skip":true},{"start":{"line":229,"column":12},"end":{"line":229,"column":12},"skip":true}]},"10":{"line":239,"type":"binary-expr","locations":[{"start":{"line":239,"column":57},"end":{"line":239,"column":103},"skip":true},{"start":{"line":240,"column":12},"end":{"line":241,"column":35},"skip":true}]},"11":{"line":248,"type":"switch","locations":[{"start":{"line":249,"column":16},"end":{"line":250,"column":60},"skip":true},{"start":{"line":251,"column":16},"end":{"line":252,"column":45},"skip":true},{"start":{"line":253,"column":16},"end":{"line":254,"column":45},"skip":true},{"start":{"line":255,"column":16},"end":{"line":256,"column":35},"skip":true},{"start":{"line":257,"column":16},"end":{"line":258,"column":34},"skip":true}]},"12":{"line":262,"type":"if","locations":[{"start":{"line":262,"column":8},"end":{"line":262,"column":8},"skip":true},{"start":{"line":262,"column":8},"end":{"line":262,"column":8},"skip":true}]},"13":{"line":262,"type":"binary-expr","locations":[{"start":{"line":262,"column":12},"end":{"line":262,"column":35},"skip":true},{"start":{"line":262,"column":39},"end":{"line":262,"column":67},"skip":true}]},"14":{"line":266,"type":"binary-expr","locations":[{"start":{"line":266,"column":12},"end":{"line":266,"column":50},"skip":true},{"start":{"line":267,"column":12},"end":{"line":267,"column":53},"skip":true}]},"15":{"line":268,"type":"binary-expr","locations":[{"start":{"line":268,"column":43},"end":{"line":268,"column":75},"skip":true},{"start":{"line":268,"column":79},"end":{"line":268,"column":81},"skip":true}]},"16":{"line":271,"type":"if","locations":[{"start":{"line":271,"column":8},"end":{"line":271,"column":8},"skip":true},{"start":{"line":271,"column":8},"end":{"line":271,"column":8},"skip":true}]},"17":{"line":275,"type":"if","locations":[{"start":{"line":275,"column":8},"end":{"line":275,"column":8},"skip":true},{"start":{"line":275,"column":8},"end":{"line":275,"column":8},"skip":true}]},"18":{"line":278,"type":"binary-expr","locations":[{"start":{"line":278,"column":27},"end":{"line":278,"column":43},"skip":true},{"start":{"line":278,"column":47},"end":{"line":278,"column":53},"skip":true}]},"19":{"line":282,"type":"if","locations":[{"start":{"line":282,"column":12},"end":{"line":282,"column":12},"skip":true},{"start":{"line":282,"column":12},"end":{"line":282,"column":12},"skip":true}]}},"code":["","","","","","","","","","","","","","","","","","","","","","","","","","","","","","","","","","","","","","","","","","","","","","","","","","","","","","","","","","","","","","","","","","","","","","","","","","","","","","","","","","","","","","","","","","","","","","","","","","","","","","","","/*","example.js","","this script will run a web-demo of swgg-google-all","","instruction","    1. save this script as example.js","    2. run the shell command:","        $ npm install swgg-google-all && PORT=8081 node example.js","    3. open a browser to http://127.0.0.1:8081 and play with the web-demo","    4. edit this script to suit your needs","*/","","","","/* istanbul instrument in package swgg_google_all */","/* jslint-utility2 */","/*jslint","    bitwise: true,","    browser: true,","    maxerr: 4,","    maxlen: 100,","    node: true,","    nomen: true,","    regexp: true,","    stupid: true","*/","(function () {","    'use strict';","    var local;","","","","    // run shared js-env code - init-before","    (function () {","        // init local","        local = {};","        // init modeJs","        local.modeJs = (function () {","            try {","                return typeof navigator.userAgent === 'string' &&","                    typeof document.querySelector('body') === 'object' &&","                    typeof XMLHttpRequest.prototype.open === 'function' &&","                    'browser';","            } catch (errorCaughtBrowser) {","                return module.exports &&","                    typeof process.versions.node === 'string' &&","                    typeof require('http').createServer === 'function' &&","                    'node';","            }","        }());","        // init global","        local.global = local.modeJs === 'browser'","            ? window","            : global;","        // init utility2_rollup","        local = local.global.utility2_rollup || (local.modeJs === 'browser'","            ? local.global.utility2_swgg_google_all","            : global.utility2_moduleExports);","        // init exports","        local.global.local = local;","        // init assets","        local.assetsDict['/assets.index.template.html'] = local.assetsDict['/assets.swgg.html'];","    }());","    switch (local.modeJs) {","","","","    // run browser js-env code - init-test","    /* istanbul ignore next */","    case 'browser':","        break;","","","","    // run node js-env code - init-test","    /* istanbul ignore next */","    case 'node':","        // init exports","        module.exports = local;","        // require builtins","        // local.assert = require('assert');","        local.buffer = require('buffer');","        local.child_process = require('child_process');","        local.cluster = require('cluster');","        local.console = require('console');","        local.constants = require('constants');","        local.crypto = require('crypto');","        local.dgram = require('dgram');","        local.dns = require('dns');","        local.domain = require('domain');","        local.events = require('events');","        local.fs = require('fs');","        local.http = require('http');","        local.https = require('https');","        local.module = require('module');","        local.net = require('net');","        local.os = require('os');","        local.path = require('path');","        local.process = require('process');","        local.punycode = require('punycode');","        local.querystring = require('querystring');","        local.readline = require('readline');","        local.repl = require('repl');","        local.stream = require('stream');","        local.string_decoder = require('string_decoder');","        local.timers = require('timers');","        local.tls = require('tls');","        local.tty = require('tty');","        local.url = require('url');","        local.util = require('util');","        local.v8 = require('v8');","        local.vm = require('vm');","        local.zlib = require('zlib');","/* validateLineSortedReset */","        // init assets","        local.assetsDict = local.assetsDict || {};","        [","            'assets.index.css',","            'assets.index.template.html',","            'assets.swgg.swagger.json',","            'assets.swgg.swagger.server.json'","        ].forEach(function (file) {","            file = '/' + file;","            local.assetsDict[file] = local.assetsDict[file] || '';","            if (local.fs.existsSync(local.__dirname + file)) {","                local.assetsDict[file] = local.fs.readFileSync(","                    local.__dirname + file,","                    'utf8'","                );","            }","        });","/* validateLineSortedReset */","        // bug-workaround - long $npm_package_buildCustomOrg","        /* jslint-ignore-begin */","        local.assetsDict['/assets.swgg_google_all.js'] = local.assetsDict['/assets.swgg_google_all.js'] ||","            local.fs.readFileSync(local.__dirname + '/lib.swgg_google_all.js', 'utf8'","        ).replace((/^#!\\//), '// ');","        /* jslint-ignore-end */","/* validateLineSortedReset */","        local.assetsDict['/'] =","            local.assetsDict['/assets.example.html'] =","            local.assetsDict['/assets.index.template.html']","            .replace((/\\{\\{env\\.(\\w+?)\\}\\}/g), function (match0, match1) {","                switch (match1) {","                case 'npm_package_description':","                    return 'the greatest app in the world!';","                case 'npm_package_name':","                    return 'swgg-google-all';","                case 'npm_package_nameLib':","                    return 'swgg_google_all';","                case 'npm_package_version':","                    return '0.0.1';","                default:","                    return match0;","                }","            });","        // init cli","        if (module !== require.main || local.global.utility2_rollup) {","            break;","        }","        local.assetsDict['/assets.example.js'] =","            local.assetsDict['/assets.example.js'] ||","            local.fs.readFileSync(__filename, 'utf8');","        local.assetsDict['/favicon.ico'] = local.assetsDict['/favicon.ico'] || '';","        // if $npm_config_timeout_exit exists,","        // then exit this process after $npm_config_timeout_exit ms","        if (Number(process.env.npm_config_timeout_exit)) {","            setTimeout(process.exit, Number(process.env.npm_config_timeout_exit));","        }","        // start server","        if (local.global.utility2_serverHttp1) {","            break;","        }","        process.env.PORT = process.env.PORT || '8081';","        console.error('server starting on port ' + process.env.PORT);","        local.http.createServer(function (request, response) {","            request.urlParsed = local.url.parse(request.url);","            if (local.assetsDict[request.urlParsed.pathname] !== undefined) {","                response.end(local.assetsDict[request.urlParsed.pathname]);","                return;","            }","            response.statusCode = 404;","            response.end();","        }).listen(process.env.PORT);","        break;","    }","}());"],"l":{"131":1,"133":1,"138":1,"140":1,"142":1,"143":1,"144":1,"149":1,"156":1,"160":1,"164":1,"166":1,"168":1,"175":1,"183":1,"186":1,"187":1,"188":1,"189":1,"190":1,"191":1,"192":1,"193":1,"194":1,"195":1,"196":1,"197":1,"198":1,"199":1,"200":1,"201":1,"202":1,"203":1,"204":1,"205":1,"206":1,"207":1,"208":1,"209":1,"210":1,"211":1,"212":1,"213":1,"214":1,"215":1,"216":1,"217":1,"220":1,"221":1,"227":4,"228":4,"229":4,"230":1,"239":1,"244":1,"248":1,"250":1,"252":1,"254":1,"256":1,"258":1,"262":1,"263":1,"265":1,"268":1,"271":1,"272":1,"275":1,"276":1,"278":1,"279":1,"280":1,"281":1,"282":1,"283":1,"284":1,"286":1,"287":1,"289":1}}}